2025-04-06 15:44:53,957 - drone_simulator.client - INFO [client.py:321] - Starting Drone Client with server URI: ws://localhost:8765
2025-04-06 15:44:53,957 - drone_simulator.client - INFO [client.py:24] - Drone client initialized with server URI: ws://localhost:8765
2025-04-06 15:44:53,957 - drone_simulator.client - INFO [client.py:28] - Attempting to connect to ws://localhost:8765
2025-04-06 15:44:53,999 - drone_simulator.client - INFO [client.py:45] - Connected successfully with ID: 77157021-7bc6-425e-b991-43e441f131de
2025-04-06 15:44:53,999 - drone_simulator.client - INFO [client.py:46] - Server message: Welcome to the Drone Simulator! Send commands to control your drone.
2025-04-06 15:44:53,999 - drone_simulator.client - INFO [client.py:140] - Starting interactive control
2025-04-06 15:45:00,625 - drone_simulator.client - INFO [client.py:93] - Sending command #1: {'speed': 2, 'altitude': 2, 'movement': 'fwd'}
2025-04-06 15:45:02,201 - drone_simulator.client - INFO [client.py:182] - Starting auto pilot mode
2025-04-06 15:45:02,202 - drone_simulator.client - INFO [client.py:230] - Starting auto pilot sequence
2025-04-06 15:45:02,202 - drone_simulator.client - INFO [client.py:249] - Auto pilot step 1/9: speed=2, altitude=0, movement=fwd
2025-04-06 15:45:02,202 - drone_simulator.client - INFO [client.py:93] - Sending command #2: {'speed': 2, 'altitude': 0, 'movement': 'fwd'}
2025-04-06 15:45:03,206 - drone_simulator.client - INFO [client.py:249] - Auto pilot step 2/9: speed=3, altitude=1, movement=fwd
2025-04-06 15:45:03,207 - drone_simulator.client - INFO [client.py:93] - Sending command #3: {'speed': 3, 'altitude': 1, 'movement': 'fwd'}
2025-04-06 15:45:04,212 - drone_simulator.client - INFO [client.py:249] - Auto pilot step 3/9: speed=4, altitude=2, movement=fwd
2025-04-06 15:45:04,212 - drone_simulator.client - INFO [client.py:93] - Sending command #4: {'speed': 4, 'altitude': 2, 'movement': 'fwd'}
2025-04-06 15:45:05,218 - drone_simulator.client - INFO [client.py:249] - Auto pilot step 4/9: speed=5, altitude=0, movement=fwd
2025-04-06 15:45:05,218 - drone_simulator.client - INFO [client.py:93] - Sending command #5: {'speed': 5, 'altitude': 0, 'movement': 'fwd'}
2025-04-06 15:45:06,223 - drone_simulator.client - INFO [client.py:249] - Auto pilot step 5/9: speed=3, altitude=-1, movement=fwd
2025-04-06 15:45:06,223 - drone_simulator.client - INFO [client.py:93] - Sending command #6: {'speed': 3, 'altitude': -1, 'movement': 'fwd'}
2025-04-06 15:45:06,227 - drone_simulator.client - WARNING [client.py:103] - Drone crashed: Drone has crashed due to unsafe altitude with RED sensor status. Maximum safe altitude is 3.
2025-04-06 15:45:06,228 - drone_simulator.client - INFO [client.py:111] - Final metrics: {'iterations': 3, 'total_distance': 9}
2025-04-06 15:45:06,228 - drone_simulator.client - INFO [client.py:116] - Final telemetry: X-19-Y-4-BAT-84.09997434727136-GYR-[0.38811104089623616, 0.24940664303829102, 0.07324622568901494]-WIND-100-DUST-100-SENS-RED
2025-04-06 15:45:06,228 - drone_simulator.client - WARNING [client.py:259] - Auto pilot aborted due to crash or error
2025-04-06 15:45:20,739 - drone_simulator.client - INFO [client.py:170] - User requested exit
2025-04-06 15:45:20,741 - drone_simulator.client - INFO [client.py:79] - Session summary - Duration: 26.8s, Commands sent: 6, Connection ID: 77157021-7bc6-425e-b991-43e441f131de
2025-04-06 15:45:22,946 - drone_simulator.client - INFO [client.py:321] - Starting Drone Client with server URI: ws://localhost:8765
2025-04-06 15:45:22,947 - drone_simulator.client - INFO [client.py:24] - Drone client initialized with server URI: ws://localhost:8765
2025-04-06 15:45:22,947 - drone_simulator.client - INFO [client.py:28] - Attempting to connect to ws://localhost:8765
2025-04-06 15:45:22,986 - drone_simulator.client - INFO [client.py:45] - Connected successfully with ID: c0dd800e-9877-41ca-bdd2-94959c0609ad
2025-04-06 15:45:22,986 - drone_simulator.client - INFO [client.py:46] - Server message: Welcome to the Drone Simulator! Send commands to control your drone.
2025-04-06 15:45:22,986 - drone_simulator.client - INFO [client.py:140] - Starting interactive control
2025-04-06 15:45:28,379 - drone_simulator.client - INFO [client.py:93] - Sending command #1: {'speed': 3, 'altitude': 3, 'movement': 'fwd'}
2025-04-06 15:45:33,862 - drone_simulator.client - INFO [client.py:93] - Sending command #2: {'speed': 3, 'altitude': 0, 'movement': 'fwd'}
2025-04-06 15:45:40,040 - drone_simulator.client - INFO [client.py:93] - Sending command #3: {'speed': 3, 'altitude': 0, 'movement': 'fwd'}
2025-04-06 15:45:56,409 - drone_simulator.client - INFO [client.py:93] - Sending command #4: {'speed': 3, 'altitude': -1, 'movement': 'fwd'}
2025-04-06 15:46:00,917 - drone_simulator.client - INFO [client.py:93] - Sending command #5: {'speed': 3, 'altitude': 0, 'movement': 'fwd'}
2025-04-06 15:46:07,977 - drone_simulator.client - INFO [client.py:93] - Sending command #6: {'speed': 3, 'altitude': 1000, 'movement': 'fwd'}
2025-04-06 15:46:07,982 - drone_simulator.client - WARNING [client.py:103] - Drone crashed: Drone has crashed due to unsafe altitude with RED sensor status. Maximum safe altitude is 3.
2025-04-06 15:46:07,983 - drone_simulator.client - INFO [client.py:111] - Final metrics: {'iterations': 2, 'total_distance': 6}
2025-04-06 15:46:07,983 - drone_simulator.client - INFO [client.py:116] - Final telemetry: X-18-Y-1002-BAT-83.240317930095-GYR-[-0.15697820675800392, -0.20918954803906437, 0.0]-WIND-100-DUST-100-SENS-RED
2025-04-06 15:46:07,983 - drone_simulator.client - INFO [client.py:79] - Session summary - Duration: 45.0s, Commands sent: 6, Connection ID: c0dd800e-9877-41ca-bdd2-94959c0609ad
2025-04-06 16:06:09,688 - drone_simulator.client - INFO [client.py:321] - Starting Drone Client with server URI: ws://localhost:8765
2025-04-06 16:06:09,688 - drone_simulator.client - INFO [client.py:24] - Drone client initialized with server URI: ws://localhost:8765
2025-04-06 16:06:09,689 - drone_simulator.client - INFO [client.py:28] - Attempting to connect to ws://localhost:8765
2025-04-06 16:06:09,747 - drone_simulator.client - INFO [client.py:45] - Connected successfully with ID: f9c9f9fa-e621-4125-943f-d680bb53be63
2025-04-06 16:06:09,747 - drone_simulator.client - INFO [client.py:46] - Server message: Welcome to the Drone Simulator! Send commands to control your drone.
2025-04-06 16:06:09,748 - drone_simulator.client - INFO [client.py:140] - Starting interactive control
2025-04-06 16:06:12,270 - drone_simulator.client - INFO [client.py:182] - Starting auto pilot mode
2025-04-06 16:06:12,270 - drone_simulator.client - INFO [client.py:230] - Starting auto pilot sequence
2025-04-06 16:06:12,271 - drone_simulator.client - INFO [client.py:249] - Auto pilot step 1/9: speed=2, altitude=0, movement=fwd
2025-04-06 16:06:12,271 - drone_simulator.client - INFO [client.py:93] - Sending command #1: {'speed': 2, 'altitude': 0, 'movement': 'fwd'}
2025-04-06 16:06:13,277 - drone_simulator.client - INFO [client.py:249] - Auto pilot step 2/9: speed=3, altitude=1, movement=fwd
2025-04-06 16:06:13,278 - drone_simulator.client - INFO [client.py:93] - Sending command #2: {'speed': 3, 'altitude': 1, 'movement': 'fwd'}
2025-04-06 16:06:14,331 - drone_simulator.client - INFO [client.py:249] - Auto pilot step 3/9: speed=4, altitude=2, movement=fwd
2025-04-06 16:06:14,331 - drone_simulator.client - INFO [client.py:93] - Sending command #3: {'speed': 4, 'altitude': 2, 'movement': 'fwd'}
2025-04-06 16:06:15,341 - drone_simulator.client - INFO [client.py:249] - Auto pilot step 4/9: speed=5, altitude=0, movement=fwd
2025-04-06 16:06:15,341 - drone_simulator.client - INFO [client.py:93] - Sending command #4: {'speed': 5, 'altitude': 0, 'movement': 'fwd'}
2025-04-06 16:06:16,346 - drone_simulator.client - INFO [client.py:249] - Auto pilot step 5/9: speed=3, altitude=-1, movement=fwd
2025-04-06 16:06:16,347 - drone_simulator.client - INFO [client.py:93] - Sending command #5: {'speed': 3, 'altitude': -1, 'movement': 'fwd'}
2025-04-06 16:06:17,352 - drone_simulator.client - INFO [client.py:249] - Auto pilot step 6/9: speed=2, altitude=0, movement=rev
2025-04-06 16:06:17,353 - drone_simulator.client - INFO [client.py:93] - Sending command #6: {'speed': 2, 'altitude': 0, 'movement': 'rev'}
2025-04-06 16:06:18,359 - drone_simulator.client - INFO [client.py:249] - Auto pilot step 7/9: speed=3, altitude=0, movement=rev
2025-04-06 16:06:18,360 - drone_simulator.client - INFO [client.py:93] - Sending command #7: {'speed': 3, 'altitude': 0, 'movement': 'rev'}
2025-04-06 16:06:19,365 - drone_simulator.client - INFO [client.py:249] - Auto pilot step 8/9: speed=1, altitude=1, movement=fwd
2025-04-06 16:06:19,365 - drone_simulator.client - INFO [client.py:93] - Sending command #8: {'speed': 1, 'altitude': 1, 'movement': 'fwd'}
2025-04-06 16:06:20,371 - drone_simulator.client - INFO [client.py:249] - Auto pilot step 9/9: speed=0, altitude=0, movement=fwd
2025-04-06 16:06:20,371 - drone_simulator.client - INFO [client.py:93] - Sending command #9: {'speed': 0, 'altitude': 0, 'movement': 'fwd'}
2025-04-06 16:06:21,376 - drone_simulator.client - INFO [client.py:265] - Auto pilot sequence completed successfully
2025-04-06 16:28:57,576 - drone_simulator.client - INFO [client.py:321] - Starting Drone Client with server URI: ws://localhost:8765
2025-04-06 16:28:57,576 - drone_simulator.client - INFO [client.py:24] - Drone client initialized with server URI: ws://localhost:8765
2025-04-06 16:28:57,577 - drone_simulator.client - INFO [client.py:28] - Attempting to connect to ws://localhost:8765
2025-04-06 16:28:57,628 - drone_simulator.client - INFO [client.py:45] - Connected successfully with ID: b8b30178-3c6c-45c6-a262-70c96c7f5170
2025-04-06 16:28:57,628 - drone_simulator.client - INFO [client.py:46] - Server message: Welcome to the Drone Simulator! Send commands to control your drone.
2025-04-06 16:28:57,628 - drone_simulator.client - INFO [client.py:140] - Starting interactive control
2025-04-06 16:29:01,279 - drone_simulator.client - INFO [client.py:182] - Starting auto pilot mode
2025-04-06 16:29:01,280 - drone_simulator.client - INFO [client.py:230] - Starting auto pilot sequence
2025-04-06 16:29:01,280 - drone_simulator.client - INFO [client.py:249] - Auto pilot step 1/9: speed=2, altitude=0, movement=fwd
2025-04-06 16:29:01,281 - drone_simulator.client - INFO [client.py:93] - Sending command #1: {'speed': 2, 'altitude': 0, 'movement': 'fwd'}
2025-04-06 16:29:02,287 - drone_simulator.client - INFO [client.py:249] - Auto pilot step 2/9: speed=3, altitude=1, movement=fwd
2025-04-06 16:29:02,287 - drone_simulator.client - INFO [client.py:93] - Sending command #2: {'speed': 3, 'altitude': 1, 'movement': 'fwd'}
2025-04-06 16:29:03,289 - drone_simulator.client - INFO [client.py:249] - Auto pilot step 3/9: speed=4, altitude=2, movement=fwd
2025-04-06 16:29:03,289 - drone_simulator.client - INFO [client.py:93] - Sending command #3: {'speed': 4, 'altitude': 2, 'movement': 'fwd'}
2025-04-06 16:29:04,292 - drone_simulator.client - INFO [client.py:249] - Auto pilot step 4/9: speed=5, altitude=0, movement=fwd
2025-04-06 16:29:04,292 - drone_simulator.client - INFO [client.py:93] - Sending command #4: {'speed': 5, 'altitude': 0, 'movement': 'fwd'}
2025-04-06 16:29:05,294 - drone_simulator.client - INFO [client.py:249] - Auto pilot step 5/9: speed=3, altitude=-1, movement=fwd
2025-04-06 16:29:05,295 - drone_simulator.client - INFO [client.py:93] - Sending command #5: {'speed': 3, 'altitude': -1, 'movement': 'fwd'}
2025-04-06 16:29:06,297 - drone_simulator.client - INFO [client.py:249] - Auto pilot step 6/9: speed=2, altitude=0, movement=rev
2025-04-06 16:29:06,297 - drone_simulator.client - INFO [client.py:93] - Sending command #6: {'speed': 2, 'altitude': 0, 'movement': 'rev'}
2025-04-06 16:29:07,300 - drone_simulator.client - INFO [client.py:249] - Auto pilot step 7/9: speed=3, altitude=0, movement=rev
2025-04-06 16:29:07,300 - drone_simulator.client - INFO [client.py:93] - Sending command #7: {'speed': 3, 'altitude': 0, 'movement': 'rev'}
2025-04-06 16:29:08,302 - drone_simulator.client - INFO [client.py:249] - Auto pilot step 8/9: speed=1, altitude=1, movement=fwd
2025-04-06 16:29:08,303 - drone_simulator.client - INFO [client.py:93] - Sending command #8: {'speed': 1, 'altitude': 1, 'movement': 'fwd'}
2025-04-06 16:29:09,305 - drone_simulator.client - INFO [client.py:249] - Auto pilot step 9/9: speed=0, altitude=0, movement=fwd
2025-04-06 16:29:09,305 - drone_simulator.client - INFO [client.py:93] - Sending command #9: {'speed': 0, 'altitude': 0, 'movement': 'fwd'}
2025-04-06 16:29:10,309 - drone_simulator.client - INFO [client.py:265] - Auto pilot sequence completed successfully
2025-04-06 16:29:31,111 - drone_simulator.client - INFO [client.py:182] - Starting auto pilot mode
2025-04-06 16:29:31,112 - drone_simulator.client - INFO [client.py:230] - Starting auto pilot sequence
2025-04-06 16:29:31,112 - drone_simulator.client - INFO [client.py:249] - Auto pilot step 1/9: speed=2, altitude=0, movement=fwd
2025-04-06 16:29:31,112 - drone_simulator.client - INFO [client.py:93] - Sending command #10: {'speed': 2, 'altitude': 0, 'movement': 'fwd'}
2025-04-06 16:29:32,117 - drone_simulator.client - INFO [client.py:249] - Auto pilot step 2/9: speed=3, altitude=1, movement=fwd
2025-04-06 16:29:32,117 - drone_simulator.client - INFO [client.py:93] - Sending command #11: {'speed': 3, 'altitude': 1, 'movement': 'fwd'}
2025-04-06 16:29:32,122 - drone_simulator.client - WARNING [client.py:103] - Drone crashed: Drone has crashed due to unsafe altitude with RED sensor status. Maximum safe altitude is 3.
2025-04-06 16:29:32,123 - drone_simulator.client - INFO [client.py:111] - Final metrics: {'iterations': 4, 'total_distance': 11}
2025-04-06 16:29:32,123 - drone_simulator.client - INFO [client.py:116] - Final telemetry: X-18-Y-4-BAT-75.8047214140066-GYR-[-0.04104008331113826, -0.42402926343872516, 0.0343341654729868]-WIND-90.24382048669511-DUST-82.3132068729436-SENS-RED
2025-04-06 16:29:32,123 - drone_simulator.client - WARNING [client.py:259] - Auto pilot aborted due to crash or error
2025-04-06 16:29:41,554 - drone_simulator.client - INFO [client.py:170] - User requested exit
2025-04-06 16:29:41,556 - drone_simulator.client - INFO [client.py:79] - Session summary - Duration: 44.0s, Commands sent: 11, Connection ID: b8b30178-3c6c-45c6-a262-70c96c7f5170
2025-04-06 16:29:43,680 - drone_simulator.client - INFO [client.py:321] - Starting Drone Client with server URI: ws://localhost:8765
2025-04-06 16:29:43,680 - drone_simulator.client - INFO [client.py:24] - Drone client initialized with server URI: ws://localhost:8765
2025-04-06 16:29:43,680 - drone_simulator.client - INFO [client.py:28] - Attempting to connect to ws://localhost:8765
2025-04-06 16:29:43,719 - drone_simulator.client - INFO [client.py:45] - Connected successfully with ID: 75f52323-8e23-43cc-80ee-542e9223d9e7
2025-04-06 16:29:43,719 - drone_simulator.client - INFO [client.py:46] - Server message: Welcome to the Drone Simulator! Send commands to control your drone.
2025-04-06 16:29:43,719 - drone_simulator.client - INFO [client.py:140] - Starting interactive control
2025-04-06 16:29:44,995 - drone_simulator.client - INFO [client.py:182] - Starting auto pilot mode
2025-04-06 16:29:44,996 - drone_simulator.client - INFO [client.py:230] - Starting auto pilot sequence
2025-04-06 16:29:44,996 - drone_simulator.client - INFO [client.py:249] - Auto pilot step 1/9: speed=2, altitude=0, movement=fwd
2025-04-06 16:29:44,997 - drone_simulator.client - INFO [client.py:93] - Sending command #1: {'speed': 2, 'altitude': 0, 'movement': 'fwd'}
2025-04-06 16:29:46,001 - drone_simulator.client - INFO [client.py:249] - Auto pilot step 2/9: speed=3, altitude=1, movement=fwd
2025-04-06 16:29:46,002 - drone_simulator.client - INFO [client.py:93] - Sending command #2: {'speed': 3, 'altitude': 1, 'movement': 'fwd'}
2025-04-06 16:29:47,009 - drone_simulator.client - INFO [client.py:249] - Auto pilot step 3/9: speed=4, altitude=2, movement=fwd
2025-04-06 16:29:47,009 - drone_simulator.client - INFO [client.py:93] - Sending command #3: {'speed': 4, 'altitude': 2, 'movement': 'fwd'}
2025-04-06 16:29:48,013 - drone_simulator.client - INFO [client.py:249] - Auto pilot step 4/9: speed=5, altitude=0, movement=fwd
2025-04-06 16:29:48,013 - drone_simulator.client - INFO [client.py:93] - Sending command #4: {'speed': 5, 'altitude': 0, 'movement': 'fwd'}
2025-04-06 16:29:49,016 - drone_simulator.client - INFO [client.py:249] - Auto pilot step 5/9: speed=3, altitude=-1, movement=fwd
2025-04-06 16:29:49,017 - drone_simulator.client - INFO [client.py:93] - Sending command #5: {'speed': 3, 'altitude': -1, 'movement': 'fwd'}
2025-04-06 16:29:50,020 - drone_simulator.client - INFO [client.py:249] - Auto pilot step 6/9: speed=2, altitude=0, movement=rev
2025-04-06 16:29:50,020 - drone_simulator.client - INFO [client.py:93] - Sending command #6: {'speed': 2, 'altitude': 0, 'movement': 'rev'}
2025-04-06 16:29:51,024 - drone_simulator.client - INFO [client.py:249] - Auto pilot step 7/9: speed=3, altitude=0, movement=rev
2025-04-06 16:29:51,024 - drone_simulator.client - INFO [client.py:93] - Sending command #7: {'speed': 3, 'altitude': 0, 'movement': 'rev'}
2025-04-06 16:29:52,029 - drone_simulator.client - INFO [client.py:249] - Auto pilot step 8/9: speed=1, altitude=1, movement=fwd
2025-04-06 16:29:52,029 - drone_simulator.client - INFO [client.py:93] - Sending command #8: {'speed': 1, 'altitude': 1, 'movement': 'fwd'}
2025-04-06 16:29:53,032 - drone_simulator.client - INFO [client.py:249] - Auto pilot step 9/9: speed=0, altitude=0, movement=fwd
2025-04-06 16:29:53,033 - drone_simulator.client - INFO [client.py:93] - Sending command #9: {'speed': 0, 'altitude': 0, 'movement': 'fwd'}
2025-04-06 16:29:54,037 - drone_simulator.client - INFO [client.py:265] - Auto pilot sequence completed successfully
2025-04-06 16:30:39,697 - drone_simulator.client - INFO [client.py:221] - User interrupted the client with Ctrl+C
2025-04-06 16:30:39,701 - drone_simulator.client - INFO [client.py:79] - Session summary - Duration: 56.0s, Commands sent: 9, Connection ID: 75f52323-8e23-43cc-80ee-542e9223d9e7
2025-04-06 16:30:39,704 - drone_simulator.client - INFO [client.py:327] - Client stopped by user
