2025-04-06 15:45:03,208 - drone_simulator.environment - INFO [environment.py:144] - Dust storm event triggered
2025-04-06 15:45:06,225 - drone_simulator.environment - INFO [environment.py:144] - Dust storm event triggered
2025-04-06 15:45:06,225 - drone_simulator.environment - WARNING [environment.py:171] - Sensor status RED - Dust: 100%, Wind: 100%
2025-04-06 15:45:33,864 - drone_simulator.environment - INFO [environment.py:144] - Dust storm event triggered
2025-04-06 15:45:40,042 - drone_simulator.environment - INFO [environment.py:144] - Dust storm event triggered
2025-04-06 15:45:40,042 - drone_simulator.environment - WARNING [environment.py:171] - Sensor status RED - Dust: 100%, Wind: 100%
2025-04-06 15:45:56,410 - drone_simulator.environment - WARNING [environment.py:171] - Sensor status RED - Dust: 90.78572798659697%, Wind: 91.52792242033543%
2025-04-06 15:46:00,918 - drone_simulator.environment - INFO [environment.py:175] - Sensor status YELLOW - Dust: 82.13317264234172%, Wind: 80.5113565080975%
2025-04-06 15:46:07,979 - drone_simulator.environment - INFO [environment.py:144] - Dust storm event triggered
2025-04-06 15:46:07,979 - drone_simulator.environment - WARNING [environment.py:171] - Sensor status RED - Dust: 100%, Wind: 100%
2025-04-06 16:06:14,334 - drone_simulator.environment - INFO [environment.py:144] - Dust storm event triggered
2025-04-06 16:06:14,335 - drone_simulator.environment - WARNING [environment.py:171] - Sensor status RED - Dust: 91.79775349391238%, Wind: 83.6044262053586%
2025-04-06 16:06:15,344 - drone_simulator.environment - INFO [environment.py:175] - Sensor status YELLOW - Dust: 83.13742684681068%, Wind: 69.74721806738582%
2025-04-06 16:06:16,349 - drone_simulator.environment - INFO [environment.py:175] - Sensor status YELLOW - Dust: 82.92091785956087%, Wind: 59.36508579488637%
2025-04-06 16:06:17,356 - drone_simulator.environment - INFO [environment.py:144] - Dust storm event triggered
2025-04-06 16:06:17,356 - drone_simulator.environment - WARNING [environment.py:171] - Sensor status RED - Dust: 100%, Wind: 100%
2025-04-06 16:06:18,362 - drone_simulator.environment - WARNING [environment.py:171] - Sensor status RED - Dust: 100%, Wind: 100%
2025-04-06 16:06:19,367 - drone_simulator.environment - INFO [environment.py:144] - Dust storm event triggered
2025-04-06 16:06:19,367 - drone_simulator.environment - WARNING [environment.py:171] - Sensor status RED - Dust: 100%, Wind: 100%
2025-04-06 16:06:20,373 - drone_simulator.environment - WARNING [environment.py:171] - Sensor status RED - Dust: 95.9378777680506%, Wind: 99.99645223237165%
2025-04-06 16:29:01,283 - drone_simulator.environment - INFO [environment.py:144] - Dust storm event triggered
2025-04-06 16:29:01,284 - drone_simulator.environment - INFO [environment.py:175] - Sensor status YELLOW - Dust: 71.04789310929516%, Wind: 67.17350628988079%
2025-04-06 16:29:02,288 - drone_simulator.environment - INFO [environment.py:144] - Dust storm event triggered
2025-04-06 16:29:02,288 - drone_simulator.environment - WARNING [environment.py:171] - Sensor status RED - Dust: 100%, Wind: 100%
2025-04-06 16:29:03,290 - drone_simulator.environment - WARNING [environment.py:171] - Sensor status RED - Dust: 100%, Wind: 100%
2025-04-06 16:29:04,292 - drone_simulator.environment - WARNING [environment.py:171] - Sensor status RED - Dust: 97.74098015303446%, Wind: 96.36690793921254%
2025-04-06 16:29:05,295 - drone_simulator.environment - INFO [environment.py:144] - Dust storm event triggered
2025-04-06 16:29:05,296 - drone_simulator.environment - WARNING [environment.py:171] - Sensor status RED - Dust: 100%, Wind: 100%
2025-04-06 16:29:06,298 - drone_simulator.environment - WARNING [environment.py:171] - Sensor status RED - Dust: 91.72202888061365%, Wind: 91.57542397135234%
2025-04-06 16:29:07,301 - drone_simulator.environment - WARNING [environment.py:171] - Sensor status RED - Dust: 91.68919188325236%, Wind: 100%
2025-04-06 16:29:08,303 - drone_simulator.environment - WARNING [environment.py:171] - Sensor status RED - Dust: 100%, Wind: 86.16849201573302%
2025-04-06 16:29:09,307 - drone_simulator.environment - INFO [environment.py:144] - Dust storm event triggered
2025-04-06 16:29:09,307 - drone_simulator.environment - WARNING [environment.py:171] - Sensor status RED - Dust: 100%, Wind: 100%
2025-04-06 16:29:31,114 - drone_simulator.environment - WARNING [environment.py:171] - Sensor status RED - Dust: 92.23312168117327%, Wind: 100%
2025-04-06 16:29:32,119 - drone_simulator.environment - WARNING [environment.py:171] - Sensor status RED - Dust: 82.3132068729436%, Wind: 90.24382048669511%
2025-04-06 16:29:46,004 - drone_simulator.environment - INFO [environment.py:144] - Dust storm event triggered
2025-04-06 16:34:08,444 - drone_simulator.environment - INFO [environment.py:144] - Dust storm event triggered
2025-04-06 16:34:08,445 - drone_simulator.environment - WARNING [environment.py:171] - Sensor status RED - Dust: 85.59828011408659%, Wind: 99.57981743664938%
2025-04-06 16:34:08,446 - drone_simulator.environment - WARNING [environment.py:171] - Sensor status RED - Dust: 87.78298014172935%, Wind: 100%
2025-04-06 16:34:08,447 - drone_simulator.environment - WARNING [environment.py:171] - Sensor status RED - Dust: 86.33960299726765%, Wind: 99.93121055447912%
2025-04-06 16:34:08,951 - drone_simulator.environment - WARNING [environment.py:171] - Sensor status RED - Dust: 86.9823199368162%, Wind: 99.44107772033034%
2025-04-06 16:34:09,457 - drone_simulator.environment - WARNING [environment.py:171] - Sensor status RED - Dust: 93.31909069643618%, Wind: 98.48604661722061%
2025-04-06 16:34:09,962 - drone_simulator.environment - WARNING [environment.py:171] - Sensor status RED - Dust: 100%, Wind: 100%
2025-04-06 16:34:10,467 - drone_simulator.environment - INFO [environment.py:144] - Dust storm event triggered
2025-04-06 16:34:10,467 - drone_simulator.environment - WARNING [environment.py:171] - Sensor status RED - Dust: 100%, Wind: 100%
2025-04-06 16:34:10,971 - drone_simulator.environment - WARNING [environment.py:171] - Sensor status RED - Dust: 100%, Wind: 100%
2025-04-06 16:37:08,526 - drone_simulator.environment - INFO [environment.py:144] - Dust storm event triggered
2025-04-06 16:37:11,050 - drone_simulator.environment - INFO [environment.py:144] - Dust storm event triggered
2025-04-06 16:37:11,050 - drone_simulator.environment - WARNING [environment.py:171] - Sensor status RED - Dust: 100%, Wind: 100%
2025-04-06 16:37:28,526 - drone_simulator.environment - INFO [environment.py:144] - Dust storm event triggered
2025-04-06 16:37:29,033 - drone_simulator.environment - INFO [environment.py:144] - Dust storm event triggered
2025-04-06 16:37:29,033 - drone_simulator.environment - WARNING [environment.py:171] - Sensor status RED - Dust: 98.22957856878631%, Wind: 90.50961726149043%
